TN:
SF:src/database.js
FN:5,(anonymous_0)
FN:9,(anonymous_1)
FNF:2
FNH:2
FNDA:1,(anonymous_0)
FNDA:1,(anonymous_1)
DA:1,1
DA:2,1
DA:6,1
DA:10,1
DA:20,1
LF:5
LH:5
BRF:0
BRH:0
end_of_record
TN:
SF:src/fns/generate-password.js
FN:3,generatePassword
FNF:1
FNH:1
FNDA:1,generatePassword
DA:1,1
DA:4,1
DA:7,1
LF:3
LH:3
BRF:0
BRH:0
end_of_record
TN:
SF:src/model/organization.js
FN:4,(anonymous_0)
FNF:1
FNH:1
FNDA:1,(anonymous_0)
DA:1,1
DA:5,1
DA:32,1
LF:3
LH:3
BRF:0
BRH:0
end_of_record
TN:
SF:src/model/user.js
FN:5,(anonymous_0)
FNF:1
FNH:1
FNDA:1,(anonymous_0)
DA:1,1
DA:2,1
DA:6,1
DA:38,1
DA:41,1
DA:47,1
LF:6
LH:6
BRF:0
BRH:0
end_of_record
TN:
SF:src/service/organization.js
FN:7,(anonymous_0)
FN:11,(anonymous_1)
FN:39,(anonymous_2)
FN:53,(anonymous_3)
FNF:4
FNH:4
FNDA:3,(anonymous_0)
FNDA:2,(anonymous_1)
FNDA:1,(anonymous_2)
FNDA:1,(anonymous_3)
DA:1,1
DA:2,1
DA:3,1
DA:8,3
DA:12,2
DA:13,0
DA:14,2
DA:15,0
DA:16,2
DA:17,0
DA:18,2
DA:19,1
DA:21,1
DA:26,1
DA:27,1
DA:36,1
DA:40,1
DA:41,1
DA:42,0
DA:45,1
DA:46,1
DA:47,1
DA:48,1
DA:50,1
DA:54,1
DA:56,1
DA:57,0
DA:60,1
DA:65,1
LF:29
LH:24
BRDA:12,0,0,0
BRDA:12,0,1,2
BRDA:14,1,0,0
BRDA:14,1,1,2
BRDA:16,2,0,0
BRDA:16,2,1,2
BRDA:18,3,0,1
BRDA:18,3,1,1
BRDA:41,4,0,0
BRDA:41,4,1,1
BRDA:45,5,0,1
BRDA:45,5,1,0
BRDA:46,6,0,1
BRDA:46,6,1,0
BRDA:47,7,0,1
BRDA:47,7,1,0
BRDA:48,8,0,1
BRDA:48,8,1,0
BRDA:56,9,0,0
BRDA:56,9,1,1
BRF:20
BRH:11
end_of_record
TN:
SF:src/service/user.js
FN:11,(anonymous_0)
FN:17,(anonymous_1)
FN:23,(anonymous_2)
FN:44,(anonymous_3)
FN:67,(anonymous_4)
FN:77,(anonymous_5)
FN:103,(anonymous_6)
FNF:7
FNH:1
FNDA:0,(anonymous_0)
FNDA:0,(anonymous_1)
FNDA:1,(anonymous_2)
FNDA:0,(anonymous_3)
FNDA:0,(anonymous_4)
FNDA:0,(anonymous_5)
FNDA:0,(anonymous_6)
DA:1,1
DA:2,1
DA:3,1
DA:4,1
DA:6,1
DA:7,1
DA:8,1
DA:12,0
DA:18,0
DA:24,1
DA:25,0
DA:26,1
DA:27,0
DA:28,1
DA:29,0
DA:30,1
DA:31,0
DA:32,1
DA:33,0
DA:36,1
DA:38,1
DA:45,0
DA:46,0
DA:47,0
DA:50,0
DA:51,0
DA:54,0
DA:55,0
DA:58,0
DA:59,0
DA:60,0
DA:62,0
DA:64,0
DA:68,0
DA:70,0
DA:71,0
DA:74,0
DA:78,0
DA:79,0
DA:82,0
DA:86,0
DA:87,0
DA:90,0
DA:92,0
DA:93,0
DA:100,0
DA:104,0
DA:110,1
LF:48
LH:15
BRDA:24,0,0,0
BRDA:24,0,1,1
BRDA:26,1,0,0
BRDA:26,1,1,1
BRDA:28,2,0,0
BRDA:28,2,1,1
BRDA:30,3,0,0
BRDA:30,3,1,1
BRDA:32,4,0,0
BRDA:32,4,1,1
BRDA:32,5,0,1
BRDA:32,5,1,1
BRDA:46,6,0,0
BRDA:46,6,1,0
BRDA:50,7,0,0
BRDA:50,7,1,0
BRDA:50,8,0,0
BRDA:50,8,1,0
BRDA:54,9,0,0
BRDA:54,9,1,0
BRDA:54,10,0,0
BRDA:54,10,1,0
BRDA:58,11,0,0
BRDA:58,11,1,0
BRDA:59,12,0,0
BRDA:59,12,1,0
BRDA:60,13,0,0
BRDA:60,13,1,0
BRDA:70,14,0,0
BRDA:70,14,1,0
BRDA:78,15,0,0
BRDA:78,15,1,0
BRDA:78,16,0,0
BRDA:78,16,1,0
BRDA:86,17,0,0
BRDA:86,17,1,0
BRDA:92,18,0,0
BRDA:92,18,1,0
BRF:38
BRH:7
end_of_record
